2019-01-15T16:26:50.646Z HTTP GET /news/2
2019-01-15T16:27:00.650Z HTTP GET /news/15
2019-01-15T16:27:05.126Z HTTP GET /news/error
2019-01-21T09:07:53.157Z HTTP GET /news/
2019-01-21T09:07:53.536Z HTTP GET /favicon.ico
2019-01-21T09:08:01.114Z HTTP GET /news
2019-01-21T09:12:12.810Z HTTP DELETE /news/?id=0
2019-01-21T09:13:44.321Z HTTP DELETE /news/1
2019-01-21T09:18:36.180Z HTTP DELETE /news/0
2019-01-21T10:05:41.238Z HTTP GET /news
2019-01-21T10:05:42.278Z HTTP GET /news
2019-01-21T10:05:48.489Z HTTP GET /news/54
2019-01-21T10:06:33.268Z HTTP GET /news/54
2019-01-21T10:06:34.303Z HTTP GET /news/54
2019-01-21T10:06:52.999Z HTTP GET /news/1
2019-01-21T10:06:55.745Z HTTP GET /news/15
2019-01-21T10:06:57.928Z HTTP GET /news/155
2019-01-21T10:13:19.644Z HTTP GET /news/155
2019-01-21T10:13:22.574Z HTTP GET /news/23
2019-01-21T10:13:26.325Z HTTP GET /news/2
2019-01-21T10:13:30.533Z HTTP GET /news/
2019-01-21T10:13:51.794Z HTTP POST /news/create/2
2019-01-21T10:14:11.309Z HTTP POST /news/create/
2019-01-21T10:14:17.712Z HTTP GET /news/
2019-01-21T10:14:20.574Z HTTP GET /news/
2019-01-21T10:16:32.497Z HTTP GET /news/
2019-01-21T10:18:59.786Z HTTP POST /news/create/
2019-01-21T10:19:05.420Z HTTP GET /news/
2019-01-21T10:21:58.150Z HTTP POST /news/create/
2019-01-21T10:23:00.846Z HTTP POST /news/create/
2019-01-21T10:23:11.249Z HTTP POST /news/create/
2019-01-21T10:23:12.851Z HTTP GET /news/
2019-01-21T10:25:32.433Z HTTP POST /news/update/0
2019-01-21T10:25:56.585Z HTTP POST /news/update/0?id=2
2019-01-21T10:26:05.623Z HTTP POST /news/update/2
2019-01-21T10:26:12.938Z HTTP PUT /news/update/2
2019-01-21T10:27:31.705Z HTTP POST /news/create/
2019-01-21T10:27:50.240Z HTTP POST /news/create/
2019-01-21T10:29:13.056Z HTTP POST /news/create/
2019-01-21T10:29:49.394Z HTTP POST /news/create/
2019-01-21T10:32:37.574Z HTTP POST /news/create/
2019-01-21T10:35:33.394Z HTTP POST /news/create/
2019-01-21T10:35:35.971Z HTTP GET /news/
2019-01-21T10:37:09.438Z HTTP POST /news/create/
2019-01-21T10:37:29.513Z HTTP PUT /news/update/0
2019-01-21T10:37:32.508Z HTTP GET /news/
2019-01-21T10:37:39.245Z HTTP PUT /news/update/54
2019-01-21T10:37:58.518Z HTTP DELETE /news/delete/54
2019-01-21T10:38:34.336Z HTTP DELETE /news/delete/545
2019-01-21T10:39:12.082Z HTTP DELETE /news/delete/53
2019-01-21T10:39:16.792Z HTTP DELETE /news/delete/55
2019-01-21T10:39:19.755Z HTTP DELETE /news/delete/55
2019-01-21T10:39:23.491Z HTTP DELETE /news/delete/0
2019-01-21T10:39:26.085Z HTTP DELETE /news/delete/0
2019-01-21T10:39:28.603Z HTTP GET /news/
2019-01-21T11:13:35.832Z HTTP GET /news
2019-01-21T11:13:36.070Z HTTP GET /favicon.ico
2019-01-21T11:13:39.217Z HTTP GET /news/2
